{"/Users/kaimac/Desktop/object/src/js/sort.js": {"path":"/Users/kaimac/Desktop/object/src/js/sort.js","statementMap":{"0":{"start":{"line":2,"column":24},"end":{"line":4,"column":51}},"1":{"start":{"line":3,"column":32},"end":{"line":3,"column":46}},"2":{"start":{"line":4,"column":24},"end":{"line":4,"column":50}},"3":{"start":{"line":6,"column":4},"end":{"line":18,"column":5}},"4":{"start":{"line":7,"column":8},"end":{"line":17,"column":9}},"5":{"start":{"line":8,"column":12},"end":{"line":12,"column":13}},"6":{"start":{"line":9,"column":16},"end":{"line":11,"column":18}},"7":{"start":{"line":14,"column":26},"end":{"line":14,"column":72}},"8":{"start":{"line":14,"column":56},"end":{"line":14,"column":71}},"9":{"start":{"line":15,"column":30},"end":{"line":15,"column":58}},"10":{"start":{"line":16,"column":12},"end":{"line":16,"column":41}},"11":{"start":{"line":19,"column":4},"end":{"line":19,"column":23}}},"fnMap":{"0":{"name":"orderByProps","decl":{"start":{"line":1,"column":24},"end":{"line":1,"column":36}},"loc":{"start":{"line":1,"column":57},"end":{"line":20,"column":1}},"line":1},"1":{"name":"(anonymous_1)","decl":{"start":{"line":3,"column":13},"end":{"line":3,"column":14}},"loc":{"start":{"line":3,"column":32},"end":{"line":3,"column":46}},"line":3},"2":{"name":"(anonymous_2)","decl":{"start":{"line":4,"column":14},"end":{"line":4,"column":15}},"loc":{"start":{"line":4,"column":24},"end":{"line":4,"column":50}},"line":4},"3":{"name":"(anonymous_3)","decl":{"start":{"line":14,"column":48},"end":{"line":14,"column":49}},"loc":{"start":{"line":14,"column":56},"end":{"line":14,"column":71}},"line":14}},"branchMap":{"0":{"loc":{"start":{"line":6,"column":4},"end":{"line":18,"column":5}},"type":"if","locations":[{"start":{"line":6,"column":4},"end":{"line":18,"column":5}},{"start":{},"end":{}}],"line":6},"1":{"loc":{"start":{"line":8,"column":12},"end":{"line":12,"column":13}},"type":"if","locations":[{"start":{"line":8,"column":12},"end":{"line":12,"column":13}},{"start":{},"end":{}}],"line":8}},"s":{"0":3,"1":15,"2":27,"3":3,"4":2,"5":3,"6":1,"7":2,"8":9,"9":2,"10":2,"11":2},"f":{"0":3,"1":15,"2":27,"3":9},"b":{"0":[2,1],"1":[1,2]},"_coverageSchema":"1a1c01bbd47fc00a2c39e90264f33305004495a9","hash":"2127f6f925f1f2d5d2b8491d375d56acbb97f06b"}
}
